{"error":{},"level":"error","message":"uncaughtException: morgan is not defined\nReferenceError: morgan is not defined\n    at main (/Volumes/ExtSSD/Projects/kychat/kychat-server-auth/server.js:16:7)\n    at Object.<anonymous> (/Volumes/ExtSSD/Projects/kychat/kychat-server-auth/server.js:45:1)\n    at Module._compile (internal/modules/cjs/loader.js:776:30)\n    at Object.Module._extensions..js (internal/modules/cjs/loader.js:787:10)\n    at Module.load (internal/modules/cjs/loader.js:653:32)\n    at tryModuleLoad (internal/modules/cjs/loader.js:593:12)\n    at Function.Module._load (internal/modules/cjs/loader.js:585:3)\n    at Function.Module.runMain (internal/modules/cjs/loader.js:829:12)\n    at startup (internal/bootstrap/node.js:283:19)\n    at bootstrapNodeJSCore (internal/bootstrap/node.js:622:3)","stack":"ReferenceError: morgan is not defined\n    at main (/Volumes/ExtSSD/Projects/kychat/kychat-server-auth/server.js:16:7)\n    at Object.<anonymous> (/Volumes/ExtSSD/Projects/kychat/kychat-server-auth/server.js:45:1)\n    at Module._compile (internal/modules/cjs/loader.js:776:30)\n    at Object.Module._extensions..js (internal/modules/cjs/loader.js:787:10)\n    at Module.load (internal/modules/cjs/loader.js:653:32)\n    at tryModuleLoad (internal/modules/cjs/loader.js:593:12)\n    at Function.Module._load (internal/modules/cjs/loader.js:585:3)\n    at Function.Module.runMain (internal/modules/cjs/loader.js:829:12)\n    at startup (internal/bootstrap/node.js:283:19)\n    at bootstrapNodeJSCore (internal/bootstrap/node.js:622:3)","exception":true,"date":"Mon Jun 24 2019 22:49:57 GMT+0900 (Korean Standard Time)","process":{"pid":13043,"uid":501,"gid":20,"cwd":"/Volumes/ExtSSD/Projects/kychat/kychat-server-auth","execPath":"/usr/local/bin/node","version":"v10.16.0","argv":["/usr/local/bin/node","/Volumes/ExtSSD/Projects/kychat/kychat-server-auth/server.js"],"memoryUsage":{"rss":54337536,"heapTotal":37896192,"heapUsed":21588840,"external":366100}},"os":{"loadavg":[1.0546875,1.13330078125,1.12451171875],"uptime":1381},"trace":[{"column":7,"file":"/Volumes/ExtSSD/Projects/kychat/kychat-server-auth/server.js","function":"main","line":16,"method":null,"native":false},{"column":1,"file":"/Volumes/ExtSSD/Projects/kychat/kychat-server-auth/server.js","function":null,"line":45,"method":null,"native":false},{"column":30,"file":"internal/modules/cjs/loader.js","function":"Module._compile","line":776,"method":"_compile","native":false},{"column":10,"file":"internal/modules/cjs/loader.js","function":"Module._extensions..js","line":787,"method":".js","native":false},{"column":32,"file":"internal/modules/cjs/loader.js","function":"Module.load","line":653,"method":"load","native":false},{"column":12,"file":"internal/modules/cjs/loader.js","function":"tryModuleLoad","line":593,"method":null,"native":false},{"column":3,"file":"internal/modules/cjs/loader.js","function":"Module._load","line":585,"method":"_load","native":false},{"column":12,"file":"internal/modules/cjs/loader.js","function":"Module.runMain","line":829,"method":"runMain","native":false},{"column":19,"file":"internal/bootstrap/node.js","function":"startup","line":283,"method":null,"native":false},{"column":3,"file":"internal/bootstrap/node.js","function":"bootstrapNodeJSCore","line":622,"method":null,"native":false}]}
{"message":"::1 - - [27/Jun/2019:13:53:13 +0000] \"POST /join HTTP/1.1\" - - \"-\" \"PostmanRuntime/7.13.0\"\n","level":"info"}
{"message":"::1 - - [27/Jun/2019:13:59:08 +0000] \"POST /join HTTP/1.1\" - - \"-\" \"PostmanRuntime/7.13.0\"\n","level":"info"}
{"message":"::1 - - [27/Jun/2019:14:04:03 +0000] \"POST /join HTTP/1.1\" - - \"-\" \"PostmanRuntime/7.13.0\"\n","level":"info"}
{"error":{"code":"EADDRINUSE","errno":"EADDRINUSE","syscall":"listen","address":"::","port":8000},"level":"error","message":"uncaughtException: listen EADDRINUSE: address already in use :::8000\nError: listen EADDRINUSE: address already in use :::8000\n    at Server.setupListenHandle [as _listen2] (net.js:1279:14)\n    at listenInCluster (net.js:1327:12)\n    at Server.listen (net.js:1414:7)\n    at Function.listen (/Volumes/ExtSSD/Projects/kychat/kychat-server-auth/node_modules/express/lib/application.js:618:24)\n    at main (/Volumes/ExtSSD/Projects/kychat/kychat-server-auth/server.js:41:7)\n    at Object.<anonymous> (/Volumes/ExtSSD/Projects/kychat/kychat-server-auth/server.js:44:1)\n    at Module._compile (internal/modules/cjs/loader.js:773:14)\n    at Object.Module._extensions..js (internal/modules/cjs/loader.js:787:10)\n    at Module.load (internal/modules/cjs/loader.js:653:32)\n    at tryModuleLoad (internal/modules/cjs/loader.js:593:12)","stack":"Error: listen EADDRINUSE: address already in use :::8000\n    at Server.setupListenHandle [as _listen2] (net.js:1279:14)\n    at listenInCluster (net.js:1327:12)\n    at Server.listen (net.js:1414:7)\n    at Function.listen (/Volumes/ExtSSD/Projects/kychat/kychat-server-auth/node_modules/express/lib/application.js:618:24)\n    at main (/Volumes/ExtSSD/Projects/kychat/kychat-server-auth/server.js:41:7)\n    at Object.<anonymous> (/Volumes/ExtSSD/Projects/kychat/kychat-server-auth/server.js:44:1)\n    at Module._compile (internal/modules/cjs/loader.js:773:14)\n    at Object.Module._extensions..js (internal/modules/cjs/loader.js:787:10)\n    at Module.load (internal/modules/cjs/loader.js:653:32)\n    at tryModuleLoad (internal/modules/cjs/loader.js:593:12)","exception":true,"date":"Thu Jun 27 2019 23:16:32 GMT+0900 (Korean Standard Time)","process":{"pid":10710,"uid":501,"gid":20,"cwd":"/Volumes/ExtSSD/Projects/kychat/kychat-server-auth","execPath":"/usr/local/bin/node","version":"v10.16.0","argv":["/usr/local/bin/node","/Volumes/ExtSSD/Projects/kychat/kychat-server-auth/server.js"],"memoryUsage":{"rss":61210624,"heapTotal":36945920,"heapUsed":18252488,"external":408851}},"os":{"loadavg":[2.67822265625,1.939453125,1.76953125],"uptime":6115},"trace":[{"column":14,"file":"net.js","function":"Server.setupListenHandle [as _listen2]","line":1279,"method":"setupListenHandle [as _listen2]","native":false},{"column":12,"file":"net.js","function":"listenInCluster","line":1327,"method":null,"native":false},{"column":7,"file":"net.js","function":"Server.listen","line":1414,"method":"listen","native":false},{"column":24,"file":"/Volumes/ExtSSD/Projects/kychat/kychat-server-auth/node_modules/express/lib/application.js","function":"Function.listen","line":618,"method":"listen","native":false},{"column":7,"file":"/Volumes/ExtSSD/Projects/kychat/kychat-server-auth/server.js","function":"main","line":41,"method":null,"native":false},{"column":1,"file":"/Volumes/ExtSSD/Projects/kychat/kychat-server-auth/server.js","function":null,"line":44,"method":null,"native":false},{"column":14,"file":"internal/modules/cjs/loader.js","function":"Module._compile","line":773,"method":"_compile","native":false},{"column":10,"file":"internal/modules/cjs/loader.js","function":"Module._extensions..js","line":787,"method":".js","native":false},{"column":32,"file":"internal/modules/cjs/loader.js","function":"Module.load","line":653,"method":"load","native":false},{"column":12,"file":"internal/modules/cjs/loader.js","function":"tryModuleLoad","line":593,"method":null,"native":false}]}
{"message":"::1 - - [27/Jun/2019:14:21:03 +0000] \"POST /join HTTP/1.1\" - - \"-\" \"PostmanRuntime/7.13.0\"\n","level":"info"}
{"message":"::1 - - [27/Jun/2019:14:21:45 +0000] \"POST /join HTTP/1.1\" - - \"-\" \"PostmanRuntime/7.13.0\"\n","level":"info"}
{"message":"::1 - - [27/Jun/2019:14:23:47 +0000] \"POST /join HTTP/1.1\" - - \"-\" \"PostmanRuntime/7.13.0\"\n","level":"info"}
{"message":"::1 - - [27/Jun/2019:14:34:34 +0000] \"POST /login HTTP/1.1\" - - \"-\" \"PostmanRuntime/7.13.0\"\n","level":"info"}
{"message":"::1 - - [27/Jun/2019:14:36:14 +0000] \"POST /login HTTP/1.1\" - - \"-\" \"PostmanRuntime/7.13.0\"\n","level":"info"}
{"message":"::1 - - [27/Jun/2019:14:38:26 +0000] \"POST /login HTTP/1.1\" - - \"-\" \"PostmanRuntime/7.13.0\"\n","level":"info"}
{"message":"::1 - - [27/Jun/2019:14:40:36 +0000] \"POST /login HTTP/1.1\" - - \"-\" \"PostmanRuntime/7.13.0\"\n","level":"info"}
{"message":"::1 - - [27/Jun/2019:14:54:28 +0000] \"POST /login HTTP/1.1\" - - \"-\" \"PostmanRuntime/7.13.0\"\n","level":"info"}
{"message":"::1 - - [27/Jun/2019:14:55:43 +0000] \"POST /login HTTP/1.1\" 200 45 \"-\" \"PostmanRuntime/7.13.0\"\n","level":"info"}
{"message":"::1 - - [27/Jun/2019:15:03:05 +0000] \"POST /login HTTP/1.1\" 200 45 \"-\" \"PostmanRuntime/7.13.0\"\n","level":"info"}
{"message":"::1 - - [27/Jun/2019:15:05:14 +0000] \"POST /login HTTP/1.1\" - - \"-\" \"PostmanRuntime/7.13.0\"\n","level":"info"}
{"message":"::1 - - [27/Jun/2019:15:10:01 +0000] \"POST /login HTTP/1.1\" 200 54 \"-\" \"PostmanRuntime/7.13.0\"\n","level":"info"}
{"message":"::1 - - [27/Jun/2019:15:32:06 +0000] \"POST /login HTTP/1.1\" - - \"-\" \"PostmanRuntime/7.13.0\"\n","level":"info"}
{"message":"::1 - - [27/Jun/2019:15:35:15 +0000] \"POST /login HTTP/1.1\" 200 54 \"-\" \"PostmanRuntime/7.13.0\"\n","level":"info"}
{"message":"::1 - - [27/Jun/2019:15:36:41 +0000] \"POST /login HTTP/1.1\" 200 54 \"-\" \"PostmanRuntime/7.13.0\"\n","level":"info"}
{"level":"error"}
{"message":"::1 - - [27/Jun/2019:15:40:45 +0000] \"POST /login HTTP/1.1\" 200 54 \"-\" \"PostmanRuntime/7.13.0\"\n","level":"info"}
{"level":"error"}
{"message":"::1 - - [27/Jun/2019:15:42:54 +0000] \"POST /login HTTP/1.1\" 200 54 \"-\" \"PostmanRuntime/7.13.0\"\n","level":"info"}
{"level":"error"}
{"message":"::1 - - [27/Jun/2019:15:43:17 +0000] \"POST /login HTTP/1.1\" 200 54 \"-\" \"PostmanRuntime/7.13.0\"\n","level":"info"}
{"status":-200,"level":"error"}
{"message":"::1 - - [27/Jun/2019:15:44:42 +0000] \"POST /login HTTP/1.1\" 200 46 \"-\" \"PostmanRuntime/7.13.0\"\n","level":"info"}
{"status":-200,"level":"error"}
{"message":"::1 - - [27/Jun/2019:15:58:30 +0000] \"POST /login HTTP/1.1\" 200 46 \"-\" \"PostmanRuntime/7.13.0\"\n","level":"info"}
{"message":"::1 - - [27/Jun/2019:16:00:39 +0000] \"POST /join HTTP/1.1\" - - \"-\" \"PostmanRuntime/7.13.0\"\n","level":"info"}
{"message":"::1 - - [27/Jun/2019:16:15:50 +0000] \"POST /join HTTP/1.1\" - - \"-\" \"PostmanRuntime/7.13.0\"\n","level":"info"}
{"status":-200,"level":"error"}
{"message":"::1 - - [28/Jun/2019:15:13:43 +0000] \"POST /login HTTP/1.1\" 200 46 \"-\" \"PostmanRuntime/7.15.0\"\n","level":"info"}
{"status":-200,"level":"error"}
{"message":"::1 - - [28/Jun/2019:15:14:45 +0000] \"POST /login HTTP/1.1\" 200 46 \"-\" \"PostmanRuntime/7.15.0\"\n","level":"info"}
{"status":-200,"level":"error"}
{"message":"::1 - - [28/Jun/2019:16:16:20 +0000] \"POST /login HTTP/1.1\" 200 46 \"-\" \"PostmanRuntime/7.15.0\"\n","level":"info"}
{"status":-200,"level":"error"}
{"message":"::1 - - [28/Jun/2019:16:19:09 +0000] \"POST /login HTTP/1.1\" 200 46 \"-\" \"PostmanRuntime/7.15.0\"\n","level":"info"}
{"status":-200,"level":"error"}
{"message":"::1 - - [28/Jun/2019:16:33:26 +0000] \"POST /login HTTP/1.1\" 200 46 \"-\" \"PostmanRuntime/7.15.0\"\n","level":"info"}
{"status":-200,"level":"error"}
{"message":"::1 - - [28/Jun/2019:16:34:08 +0000] \"POST /login HTTP/1.1\" 200 46 \"-\" \"PostmanRuntime/7.15.0\"\n","level":"info"}
{"message":"::1 - - [28/Jun/2019:16:51:08 +0000] \"POST /login HTTP/1.1\" - - \"-\" \"PostmanRuntime/7.15.0\"\n","level":"info"}
{"message":"::1 - - [28/Jun/2019:16:55:15 +0000] \"POST /login HTTP/1.1\" - - \"-\" \"PostmanRuntime/7.15.0\"\n","level":"info"}
{"status":-200,"level":"error"}
{"message":"::1 - - [28/Jun/2019:16:55:31 +0000] \"POST /login HTTP/1.1\" 200 46 \"-\" \"PostmanRuntime/7.15.0\"\n","level":"info"}
{"status":-200,"level":"error"}
{"message":"::1 - - [28/Jun/2019:17:03:32 +0000] \"POST /login HTTP/1.1\" 200 46 \"-\" \"PostmanRuntime/7.15.0\"\n","level":"info"}
{"status":-200,"level":"error"}
{"message":"::1 - - [28/Jun/2019:17:04:35 +0000] \"POST /login HTTP/1.1\" 200 46 \"-\" \"PostmanRuntime/7.15.0\"\n","level":"info"}
{"message":"::1 - - [28/Jun/2019:17:32:10 +0000] \"POST /login HTTP/1.1\" - - \"-\" \"PostmanRuntime/7.15.0\"\n","level":"info"}
{"message":"::1 - - [28/Jun/2019:17:35:32 +0000] \"POST /login HTTP/1.1\" - - \"-\" \"PostmanRuntime/7.15.0\"\n","level":"info"}
{"message":"::1 - - [28/Jun/2019:17:39:14 +0000] \"POST /login HTTP/1.1\" - - \"-\" \"PostmanRuntime/7.15.0\"\n","level":"info"}
{"status":-200,"level":"error"}
{"message":"::1 - - [28/Jun/2019:17:40:58 +0000] \"POST /login HTTP/1.1\" 200 46 \"-\" \"PostmanRuntime/7.15.0\"\n","level":"info"}
{"status":-200,"level":"error"}
{"message":"::1 - - [28/Jun/2019:17:47:47 +0000] \"POST /login HTTP/1.1\" 200 46 \"-\" \"PostmanRuntime/7.15.0\"\n","level":"info"}
{"level":"error"}
{"message":"::1 - - [29/Jun/2019:11:30:51 +0000] \"POST /join HTTP/1.1\" 200 54 \"-\" \"PostmanRuntime/7.15.0\"\n","level":"info"}
{"message":{},"level":"error"}
{"message":"::1 - - [29/Jun/2019:11:32:02 +0000] \"POST /join HTTP/1.1\" 200 54 \"-\" \"PostmanRuntime/7.15.0\"\n","level":"info"}
{"message":{},"level":"error"}
{"message":"::1 - - [29/Jun/2019:11:32:28 +0000] \"POST /join HTTP/1.1\" 200 54 \"-\" \"PostmanRuntime/7.15.0\"\n","level":"info"}
{"message":{},"level":"error"}
{"message":"::1 - - [29/Jun/2019:13:21:55 +0000] \"POST /join HTTP/1.1\" 200 54 \"-\" \"PostmanRuntime/7.15.0\"\n","level":"info"}
{"message":{},"level":"error"}
{"message":"::1 - - [29/Jun/2019:13:36:01 +0000] \"POST /join HTTP/1.1\" 200 54 \"-\" \"PostmanRuntime/7.15.0\"\n","level":"info"}
{"message":{},"level":"error"}
{"message":"::1 - - [29/Jun/2019:13:37:14 +0000] \"POST /join HTTP/1.1\" 200 54 \"-\" \"PostmanRuntime/7.15.0\"\n","level":"info"}
{"message":{},"level":"error"}
{"message":"::1 - - [29/Jun/2019:14:27:35 +0000] \"POST /join HTTP/1.1\" 200 54 \"-\" \"PostmanRuntime/7.15.0\"\n","level":"info"}
{"message":{},"level":"error"}
{"message":"::1 - - [29/Jun/2019:14:29:58 +0000] \"POST /join HTTP/1.1\" 200 54 \"-\" \"PostmanRuntime/7.15.0\"\n","level":"info"}
{"level":"error"}
{"message":"::1 - - [29/Jun/2019:14:30:13 +0000] \"POST /join HTTP/1.1\" 200 54 \"-\" \"PostmanRuntime/7.15.0\"\n","level":"info"}
{"message":"::1 - - [29/Jun/2019:14:32:07 +0000] \"POST /join HTTP/1.1\" 200 12 \"-\" \"PostmanRuntime/7.15.0\"\n","level":"info"}
{"level":"error"}
{"message":"::1 - - [29/Jun/2019:14:37:27 +0000] \"POST /login HTTP/1.1\" 200 54 \"-\" \"PostmanRuntime/7.15.0\"\n","level":"info"}
{"level":"error"}
{"message":"::1 - - [29/Jun/2019:14:40:36 +0000] \"POST /login HTTP/1.1\" 200 54 \"-\" \"PostmanRuntime/7.15.0\"\n","level":"info"}
{"level":"error"}
{"message":"::1 - - [29/Jun/2019:14:41:08 +0000] \"POST /login HTTP/1.1\" 200 54 \"-\" \"PostmanRuntime/7.15.0\"\n","level":"info"}
{"level":"error"}
{"message":"::1 - - [29/Jun/2019:14:41:57 +0000] \"POST /login HTTP/1.1\" 200 54 \"-\" \"PostmanRuntime/7.15.0\"\n","level":"info"}
{"level":"error"}
{"message":"::1 - - [29/Jun/2019:14:42:40 +0000] \"POST /login HTTP/1.1\" 200 54 \"-\" \"PostmanRuntime/7.15.0\"\n","level":"info"}
{"level":"error"}
{"message":"::1 - - [29/Jun/2019:14:52:57 +0000] \"POST /login HTTP/1.1\" 200 55 \"-\" \"PostmanRuntime/7.15.0\"\n","level":"info"}
{"level":"error"}
{"message":"::1 - - [29/Jun/2019:14:59:12 +0000] \"POST /login HTTP/1.1\" 200 55 \"-\" \"PostmanRuntime/7.15.0\"\n","level":"info"}
{"level":"error"}
{"message":"::1 - - [29/Jun/2019:15:02:02 +0000] \"POST /login HTTP/1.1\" 200 55 \"-\" \"PostmanRuntime/7.15.0\"\n","level":"info"}
{"message":"::1 - - [29/Jun/2019:15:04:46 +0000] \"POST /login HTTP/1.1\" 200 390 \"-\" \"PostmanRuntime/7.15.0\"\n","level":"info"}
{"message":"::1 - - [29/Jun/2019:15:05:06 +0000] \"POST /login HTTP/1.1\" 200 390 \"-\" \"PostmanRuntime/7.15.0\"\n","level":"info"}
{"message":"::1 - - [29/Jun/2019:15:23:26 +0000] \"POST /login HTTP/1.1\" 200 390 \"-\" \"PostmanRuntime/7.15.0\"\n","level":"info"}
{"level":"error"}
{"message":"::1 - - [29/Jun/2019:15:23:34 +0000] \"POST /login HTTP/1.1\" 200 55 \"-\" \"PostmanRuntime/7.15.0\"\n","level":"info"}
{"message":"::1 - - [29/Jun/2019:15:24:05 +0000] \"POST /login HTTP/1.1\" 200 401 \"-\" \"PostmanRuntime/7.15.0\"\n","level":"info"}
{"message":"::1 - - [29/Jun/2019:16:04:44 +0000] \"GET / HTTP/1.1\" 200 48 \"-\" \"PostmanRuntime/7.15.0\"\n","level":"info"}
{"message":"::1 - - [29/Jun/2019:16:09:09 +0000] \"GET / HTTP/1.1\" 500 1449 \"-\" \"PostmanRuntime/7.15.0\"\n","level":"info"}
{"message":"::1 - - [29/Jun/2019:16:09:57 +0000] \"GET / HTTP/1.1\" 200 53 \"-\" \"PostmanRuntime/7.15.0\"\n","level":"info"}
{"message":"::1 - - [29/Jun/2019:16:11:05 +0000] \"GET / HTTP/1.1\" 200 53 \"-\" \"PostmanRuntime/7.15.0\"\n","level":"info"}
{"message":"::1 - - [29/Jun/2019:16:11:11 +0000] \"POST /login HTTP/1.1\" 200 401 \"-\" \"PostmanRuntime/7.15.0\"\n","level":"info"}
{"message":"::1 - - [29/Jun/2019:16:14:02 +0000] \"GET / HTTP/1.1\" 200 63 \"-\" \"PostmanRuntime/7.15.0\"\n","level":"info"}
{"message":"::1 - - [30/Jun/2019:14:25:27 +0000] \"POST /login HTTP/1.1\" 200 401 \"-\" \"PostmanRuntime/7.15.0\"\n","level":"info"}
{"message":"::1 - - [30/Jun/2019:14:25:41 +0000] \"GET / HTTP/1.1\" 200 63 \"-\" \"PostmanRuntime/7.15.0\"\n","level":"info"}
{"level":"error"}
{"message":"::1 - - [30/Jun/2019:15:10:12 +0000] \"POST /login HTTP/1.1\" 200 55 \"-\" \"PostmanRuntime/7.15.0\"\n","level":"info"}
{"level":"error"}
{"message":"::1 - - [30/Jun/2019:15:11:17 +0000] \"POST /login HTTP/1.1\" 200 55 \"-\" \"PostmanRuntime/7.15.0\"\n","level":"info"}
{"level":"error"}
{"message":"::1 - - [30/Jun/2019:15:16:01 +0000] \"POST /login HTTP/1.1\" 200 55 \"-\" \"PostmanRuntime/7.15.0\"\n","level":"info"}
{"level":"error"}
{"message":"::1 - - [30/Jun/2019:15:17:53 +0000] \"POST /login HTTP/1.1\" 200 55 \"-\" \"PostmanRuntime/7.15.0\"\n","level":"info"}
{"level":"error"}
{"message":"::1 - - [30/Jun/2019:15:33:12 +0000] \"POST /login HTTP/1.1\" 200 55 \"-\" \"PostmanRuntime/7.15.0\"\n","level":"info"}
{"error":{},"level":"error","message":"uncaughtException: Auth is not a constructor\nTypeError: Auth is not a constructor\n    at Object.<anonymous> (/Volumes/ExtSSD/Projects/kychat/kychat-server-auth/auth.js:110:18)\n    at Module._compile (internal/modules/cjs/loader.js:776:30)\n    at Object.Module._extensions..js (internal/modules/cjs/loader.js:787:10)\n    at Module.load (internal/modules/cjs/loader.js:653:32)\n    at tryModuleLoad (internal/modules/cjs/loader.js:593:12)\n    at Function.Module._load (internal/modules/cjs/loader.js:585:3)\n    at Module.require (internal/modules/cjs/loader.js:690:17)\n    at require (internal/modules/cjs/helpers.js:25:18)\n    at Object.<anonymous> (/Volumes/ExtSSD/Projects/kychat/kychat-server-auth/server.js:4:12)\n    at Module._compile (internal/modules/cjs/loader.js:776:30)","stack":"TypeError: Auth is not a constructor\n    at Object.<anonymous> (/Volumes/ExtSSD/Projects/kychat/kychat-server-auth/auth.js:110:18)\n    at Module._compile (internal/modules/cjs/loader.js:776:30)\n    at Object.Module._extensions..js (internal/modules/cjs/loader.js:787:10)\n    at Module.load (internal/modules/cjs/loader.js:653:32)\n    at tryModuleLoad (internal/modules/cjs/loader.js:593:12)\n    at Function.Module._load (internal/modules/cjs/loader.js:585:3)\n    at Module.require (internal/modules/cjs/loader.js:690:17)\n    at require (internal/modules/cjs/helpers.js:25:18)\n    at Object.<anonymous> (/Volumes/ExtSSD/Projects/kychat/kychat-server-auth/server.js:4:12)\n    at Module._compile (internal/modules/cjs/loader.js:776:30)","exception":true,"date":"Mon Jul 01 2019 01:05:57 GMT+0900 (Korean Standard Time)","process":{"pid":16458,"uid":501,"gid":20,"cwd":"/Volumes/ExtSSD/Projects/kychat/kychat-server-auth","execPath":"/usr/local/bin/node","version":"v10.16.0","argv":["/usr/local/bin/node","/Volumes/ExtSSD/Projects/kychat/kychat-server-auth/server.js"],"memoryUsage":{"rss":53821440,"heapTotal":37896192,"heapUsed":21705648,"external":374292}},"os":{"loadavg":[2.16064453125,1.87451171875,1.7705078125],"uptime":9552},"trace":[{"column":18,"file":"/Volumes/ExtSSD/Projects/kychat/kychat-server-auth/auth.js","function":null,"line":110,"method":null,"native":false},{"column":30,"file":"internal/modules/cjs/loader.js","function":"Module._compile","line":776,"method":"_compile","native":false},{"column":10,"file":"internal/modules/cjs/loader.js","function":"Module._extensions..js","line":787,"method":".js","native":false},{"column":32,"file":"internal/modules/cjs/loader.js","function":"Module.load","line":653,"method":"load","native":false},{"column":12,"file":"internal/modules/cjs/loader.js","function":"tryModuleLoad","line":593,"method":null,"native":false},{"column":3,"file":"internal/modules/cjs/loader.js","function":"Module._load","line":585,"method":"_load","native":false},{"column":17,"file":"internal/modules/cjs/loader.js","function":"Module.require","line":690,"method":"require","native":false},{"column":18,"file":"internal/modules/cjs/helpers.js","function":"require","line":25,"method":null,"native":false},{"column":12,"file":"/Volumes/ExtSSD/Projects/kychat/kychat-server-auth/server.js","function":null,"line":4,"method":null,"native":false},{"column":30,"file":"internal/modules/cjs/loader.js","function":"Module._compile","line":776,"method":"_compile","native":false}]}
{"error":{},"level":"error","message":"uncaughtException: Route.post() requires a callback function but got a [object Undefined]\nError: Route.post() requires a callback function but got a [object Undefined]\n    at Route.(anonymous function) [as post] (/Volumes/ExtSSD/Projects/kychat/kychat-server-auth/node_modules/express/lib/router/route.js:202:15)\n    at Function.app.(anonymous function) [as post] (/Volumes/ExtSSD/Projects/kychat/kychat-server-auth/node_modules/express/lib/application.js:482:19)\n    at main (/Volumes/ExtSSD/Projects/kychat/kychat-server-auth/server.js:26:7)\n    at Object.<anonymous> (/Volumes/ExtSSD/Projects/kychat/kychat-server-auth/server.js:40:1)\n    at Module._compile (internal/modules/cjs/loader.js:776:30)\n    at Object.Module._extensions..js (internal/modules/cjs/loader.js:787:10)\n    at Module.load (internal/modules/cjs/loader.js:653:32)\n    at tryModuleLoad (internal/modules/cjs/loader.js:593:12)\n    at Function.Module._load (internal/modules/cjs/loader.js:585:3)\n    at Function.Module.runMain (internal/modules/cjs/loader.js:829:12)","stack":"Error: Route.post() requires a callback function but got a [object Undefined]\n    at Route.(anonymous function) [as post] (/Volumes/ExtSSD/Projects/kychat/kychat-server-auth/node_modules/express/lib/router/route.js:202:15)\n    at Function.app.(anonymous function) [as post] (/Volumes/ExtSSD/Projects/kychat/kychat-server-auth/node_modules/express/lib/application.js:482:19)\n    at main (/Volumes/ExtSSD/Projects/kychat/kychat-server-auth/server.js:26:7)\n    at Object.<anonymous> (/Volumes/ExtSSD/Projects/kychat/kychat-server-auth/server.js:40:1)\n    at Module._compile (internal/modules/cjs/loader.js:776:30)\n    at Object.Module._extensions..js (internal/modules/cjs/loader.js:787:10)\n    at Module.load (internal/modules/cjs/loader.js:653:32)\n    at tryModuleLoad (internal/modules/cjs/loader.js:593:12)\n    at Function.Module._load (internal/modules/cjs/loader.js:585:3)\n    at Function.Module.runMain (internal/modules/cjs/loader.js:829:12)","exception":true,"date":"Tue Jul 02 2019 04:15:13 GMT+0900 (Korean Standard Time)","process":{"pid":6172,"uid":501,"gid":20,"cwd":"/Volumes/ExtSSD/Projects/kychat/kychat-server-auth","execPath":"/usr/local/bin/node","version":"v10.16.0","argv":["/usr/local/bin/node","/Volumes/ExtSSD/Projects/kychat/kychat-server-auth/server.js"],"memoryUsage":{"rss":53743616,"heapTotal":38420480,"heapUsed":21884264,"external":374292}},"os":{"loadavg":[1.64501953125,1.6015625,1.49169921875],"uptime":2937},"trace":[{"column":15,"file":"/Volumes/ExtSSD/Projects/kychat/kychat-server-auth/node_modules/express/lib/router/route.js","function":"Route.(anonymous function) [as post]","line":202,"method":"(anonymous function) [as post]","native":false},{"column":19,"file":"/Volumes/ExtSSD/Projects/kychat/kychat-server-auth/node_modules/express/lib/application.js","function":"Function.app.(anonymous function) [as post]","line":482,"method":"(anonymous function) [as post]","native":false},{"column":7,"file":"/Volumes/ExtSSD/Projects/kychat/kychat-server-auth/server.js","function":"main","line":26,"method":null,"native":false},{"column":1,"file":"/Volumes/ExtSSD/Projects/kychat/kychat-server-auth/server.js","function":null,"line":40,"method":null,"native":false},{"column":30,"file":"internal/modules/cjs/loader.js","function":"Module._compile","line":776,"method":"_compile","native":false},{"column":10,"file":"internal/modules/cjs/loader.js","function":"Module._extensions..js","line":787,"method":".js","native":false},{"column":32,"file":"internal/modules/cjs/loader.js","function":"Module.load","line":653,"method":"load","native":false},{"column":12,"file":"internal/modules/cjs/loader.js","function":"tryModuleLoad","line":593,"method":null,"native":false},{"column":3,"file":"internal/modules/cjs/loader.js","function":"Module._load","line":585,"method":"_load","native":false},{"column":12,"file":"internal/modules/cjs/loader.js","function":"Module.runMain","line":829,"method":"runMain","native":false}]}
{"level":"error"}
{"message":"::1 - - [01/Jul/2019:19:23:43 +0000] \"POST /login HTTP/1.1\" 200 55 \"-\" \"PostmanRuntime/7.15.0\"\n","level":"info"}
{"level":"error"}
{"message":"::1 - - [01/Jul/2019:19:24:39 +0000] \"POST /login HTTP/1.1\" 200 55 \"-\" \"PostmanRuntime/7.15.0\"\n","level":"info"}
{"level":"error"}
{"message":"::1 - - [01/Jul/2019:19:25:13 +0000] \"POST /login HTTP/1.1\" 200 55 \"-\" \"PostmanRuntime/7.15.0\"\n","level":"info"}
{"message":"::1 - - [01/Jul/2019:19:25:40 +0000] \"POST /login HTTP/1.1\" 200 407 \"-\" \"PostmanRuntime/7.15.0\"\n","level":"info"}
{"message":"::1 - - [01/Jul/2019:19:29:08 +0000] \"GET / HTTP/1.1\" 200 63 \"-\" \"PostmanRuntime/7.15.0\"\n","level":"info"}
{"message":"::1 - - [01/Jul/2019:19:32:56 +0000] \"GET /refresh_token HTTP/1.1\" 404 152 \"-\" \"PostmanRuntime/7.15.0\"\n","level":"info"}
{"expose":true,"statusCode":400,"status":400,"body":"{\nrefreshToken : \"eyJhbGciOiJIUzI1NiIsInR5cCI6IkpXVCJ9.eyJ1c2VybmFtZSI6ImtpeW9uZyIsImlhdCI6MTU2MjAwOTE0MCwiZXhwIjoxNTY0NjAxMTQwfQ.OKIrrRh56PXWSrCuXNDaFSSB8k8--BaRnltJ6UUa5f0\"\n}","type":"entity.parse.failed","level":"error"}
{"name":"JsonWebTokenError","message":"invalid signature","level":"error"}
{"message":"::1 - - [01/Jul/2019:19:34:28 +0000] \"POST /refresh_token HTTP/1.1\" 200 55 \"-\" \"PostmanRuntime/7.15.0\"\n","level":"info"}
{"name":"JsonWebTokenError","message":"invalid signature","level":"error"}
{"message":"::1 - - [01/Jul/2019:19:34:54 +0000] \"POST /refresh_token HTTP/1.1\" 200 55 \"-\" \"PostmanRuntime/7.15.0\"\n","level":"info"}
{"name":"JsonWebTokenError","message":"invalid signature","level":"error"}
{"message":"::1 - - [01/Jul/2019:19:52:41 +0000] \"POST /refresh_token HTTP/1.1\" 200 55 \"-\" \"PostmanRuntime/7.15.0\"\n","level":"info"}
{"level":"error"}
{"message":"::1 - - [01/Jul/2019:19:57:46 +0000] \"POST /refresh_token HTTP/1.1\" 200 55 \"-\" \"PostmanRuntime/7.15.0\"\n","level":"info"}
{"status":-301,"level":"error"}
{"message":"::1 - - [01/Jul/2019:19:58:14 +0000] \"POST /refresh_token HTTP/1.1\" 200 41 \"-\" \"PostmanRuntime/7.15.0\"\n","level":"info"}
{"status":-301,"level":"error"}
{"message":"::1 - - [01/Jul/2019:20:01:37 +0000] \"POST /refresh_token HTTP/1.1\" 200 41 \"-\" \"PostmanRuntime/7.15.0\"\n","level":"info"}
{"message":"::1 - - [01/Jul/2019:20:02:48 +0000] \"POST /login HTTP/1.1\" 200 407 \"-\" \"PostmanRuntime/7.15.0\"\n","level":"info"}
{"message":"::1 - - [01/Jul/2019:20:02:52 +0000] \"POST /login HTTP/1.1\" 200 407 \"-\" \"PostmanRuntime/7.15.0\"\n","level":"info"}
{"status":-301,"level":"error"}
{"message":"::1 - - [01/Jul/2019:20:03:23 +0000] \"POST /refresh_token HTTP/1.1\" 200 41 \"-\" \"PostmanRuntime/7.15.0\"\n","level":"info"}
{"level":"error"}
{"message":"::1 - - [01/Jul/2019:20:04:29 +0000] \"POST /refresh_token HTTP/1.1\" 200 55 \"-\" \"PostmanRuntime/7.15.0\"\n","level":"info"}
{"level":"error"}
{"message":"::1 - - [01/Jul/2019:20:05:50 +0000] \"POST /refresh_token HTTP/1.1\" 200 55 \"-\" \"PostmanRuntime/7.15.0\"\n","level":"info"}
{"message":"::1 - - [01/Jul/2019:20:07:49 +0000] \"POST /refresh_token HTTP/1.1\" 200 406 \"-\" \"PostmanRuntime/7.15.0\"\n","level":"info"}
{"status":-110,"level":"error"}
{"message":"::1 - - [01/Jul/2019:20:19:12 +0000] \"POST /join HTTP/1.1\" 200 45 \"-\" \"PostmanRuntime/7.15.0\"\n","level":"info"}
{"message":"::1 - - [01/Jul/2019:20:23:19 +0000] \"POST /join HTTP/1.1\" 200 12 \"-\" \"PostmanRuntime/7.15.0\"\n","level":"info"}
{"message":"::1 - - [02/Jul/2019:15:12:48 +0000] \"POST /login HTTP/1.1\" 200 407 \"-\" \"PostmanRuntime/7.15.0\"\n","level":"info"}
{"message":"::1 - - [02/Jul/2019:15:16:58 +0000] \"POST /chat/create_room HTTP/1.1\" - - \"-\" \"PostmanRuntime/7.15.0\"\n","level":"info"}
{"fatal":false,"errno":1054,"sqlState":"42S22","code":"ER_BAD_FIELD_ERROR","level":"error"}
{"message":"::1 - - [02/Jul/2019:15:17:11 +0000] \"POST /chat/create_room HTTP/1.1\" 200 271 \"-\" \"PostmanRuntime/7.15.0\"\n","level":"info"}
{"message":"::1 - - [02/Jul/2019:15:25:16 +0000] \"POST /chat/create_room HTTP/1.1\" 200 137 \"-\" \"PostmanRuntime/7.15.0\"\n","level":"info"}
{"message":"::1 - - [02/Jul/2019:15:31:27 +0000] \"POST /chat/create_room HTTP/1.1\" 200 137 \"-\" \"PostmanRuntime/7.15.0\"\n","level":"info"}
{"message":"::1 - - [02/Jul/2019:15:33:16 +0000] \"POST /chat/create_room HTTP/1.1\" 200 145 \"-\" \"PostmanRuntime/7.15.0\"\n","level":"info"}
{"message":"::1 - - [03/Jul/2019:13:43:10 +0000] \"GET / HTTP/1.1\" 200 53 \"-\" \"PostmanRuntime/7.15.0\"\n","level":"info"}
{"message":"::1 - - [03/Jul/2019:13:58:45 +0000] \"POST /login HTTP/1.1\" 200 407 \"-\" \"PostmanRuntime/7.15.0\"\n","level":"info"}
{"message":"::1 - - [03/Jul/2019:13:59:10 +0000] \"POST /chat/create_room HTTP/1.1\" 200 145 \"-\" \"PostmanRuntime/7.15.0\"\n","level":"info"}
{"message":"::1 - - [03/Jul/2019:15:09:26 +0000] \"POST /chat/create_room HTTP/1.1\" 200 145 \"-\" \"PostmanRuntime/7.15.0\"\n","level":"info"}
{"message":"::1 - - [03/Jul/2019:15:16:57 +0000] \"POST /chat/create_room HTTP/1.1\" 200 145 \"-\" \"PostmanRuntime/7.15.0\"\n","level":"info"}
{"message":"::1 - - [03/Jul/2019:15:24:38 +0000] \"POST /chat/join_room HTTP/1.1\" 200 53 \"-\" \"PostmanRuntime/7.15.0\"\n","level":"info"}
{"message":"::1 - - [03/Jul/2019:15:24:43 +0000] \"POST /login HTTP/1.1\" 200 407 \"-\" \"PostmanRuntime/7.15.0\"\n","level":"info"}
{"message":"::1 - - [03/Jul/2019:15:24:59 +0000] \"POST /chat/join_room HTTP/1.1\" 200 37 \"-\" \"PostmanRuntime/7.15.0\"\n","level":"info"}
{"fatal":false,"errno":1062,"sqlState":"23000","code":"ER_DUP_ENTRY","level":"error"}
{"message":"::1 - - [03/Jul/2019:15:27:07 +0000] \"POST /chat/join_room HTTP/1.1\" 200 195 \"-\" \"PostmanRuntime/7.15.0\"\n","level":"info"}
{"message":"::1 - - [03/Jul/2019:15:38:21 +0000] \"POST /chat/create_room HTTP/1.1\" 200 144 \"-\" \"PostmanRuntime/7.15.0\"\n","level":"info"}
{"message":"::1 - - [03/Jul/2019:15:38:46 +0000] \"POST /login HTTP/1.1\" 200 409 \"-\" \"PostmanRuntime/7.15.0\"\n","level":"info"}
{"message":"::1 - - [03/Jul/2019:15:39:14 +0000] \"POST /chat/join_room HTTP/1.1\" 200 37 \"-\" \"PostmanRuntime/7.15.0\"\n","level":"info"}
{"message":"::1 - - [04/Jul/2019:13:37:31 +0000] \"POST /login HTTP/1.1\" 200 409 \"-\" \"PostmanRuntime/7.15.0\"\n","level":"info"}
{"message":"::1 - - [04/Jul/2019:13:37:46 +0000] \"POST /chat/create_room HTTP/1.1\" 200 139 \"-\" \"PostmanRuntime/7.15.0\"\n","level":"info"}
{"message":"::1 - - [04/Jul/2019:13:45:26 +0000] \"POST /login HTTP/1.1\" 200 407 \"-\" \"PostmanRuntime/7.15.0\"\n","level":"info"}
{"message":"::1 - - [04/Jul/2019:13:45:55 +0000] \"POST /chat/join_room HTTP/1.1\" - - \"-\" \"PostmanRuntime/7.15.0\"\n","level":"info"}
{"message":"::1 - - [04/Jul/2019:13:49:08 +0000] \"POST /chat/join_room HTTP/1.1\" - - \"-\" \"PostmanRuntime/7.15.0\"\n","level":"info"}
{"message":"::1 - - [04/Jul/2019:13:51:17 +0000] \"POST /chat/join_room HTTP/1.1\" - - \"-\" \"PostmanRuntime/7.15.0\"\n","level":"info"}
{"level":"error"}
{"message":"::1 - - [04/Jul/2019:13:54:11 +0000] \"POST /chat/join_room HTTP/1.1\" 200 65 \"-\" \"PostmanRuntime/7.15.0\"\n","level":"info"}
{"message":"::1 - - [04/Jul/2019:14:04:22 +0000] \"POST /chat/join_room HTTP/1.1\" - - \"-\" \"PostmanRuntime/7.15.0\"\n","level":"info"}
{"level":"error"}
{"message":"::1 - - [04/Jul/2019:14:22:03 +0000] \"POST /chat/join_room HTTP/1.1\" 200 67 \"-\" \"PostmanRuntime/7.15.0\"\n","level":"info"}
{"level":"error"}
{"message":"::1 - - [04/Jul/2019:14:25:02 +0000] \"POST /chat/join_room HTTP/1.1\" 200 67 \"-\" \"PostmanRuntime/7.15.0\"\n","level":"info"}
{"message":"::1 - - [04/Jul/2019:14:28:48 +0000] \"POST /chat/join_room HTTP/1.1\" 200 37 \"-\" \"PostmanRuntime/7.15.0\"\n","level":"info"}
{"fatal":false,"errno":1064,"sqlState":"42000","code":"ER_PARSE_ERROR","level":"error"}
{"message":"::1 - - [04/Jul/2019:14:32:26 +0000] \"POST /chat/join_room HTTP/1.1\" 200 339 \"-\" \"PostmanRuntime/7.15.0\"\n","level":"info"}
{"fatal":false,"errno":1064,"sqlState":"42000","code":"ER_PARSE_ERROR","level":"error"}
{"message":"::1 - - [04/Jul/2019:14:32:58 +0000] \"POST /chat/join_room HTTP/1.1\" 200 339 \"-\" \"PostmanRuntime/7.15.0\"\n","level":"info"}
{"message":"::1 - - [04/Jul/2019:14:36:33 +0000] \"POST /chat/join_room HTTP/1.1\" - - \"-\" \"PostmanRuntime/7.15.0\"\n","level":"info"}
{"fatal":false,"errno":1064,"sqlState":"42000","code":"ER_PARSE_ERROR","level":"error"}
{"message":"::1 - - [04/Jul/2019:14:36:39 +0000] \"POST /chat/join_room HTTP/1.1\" 200 339 \"-\" \"PostmanRuntime/7.15.0\"\n","level":"info"}
{"fatal":false,"errno":1064,"sqlState":"42000","code":"ER_PARSE_ERROR","level":"error"}
{"message":"::1 - - [04/Jul/2019:14:36:58 +0000] \"POST /chat/join_room HTTP/1.1\" 200 339 \"-\" \"PostmanRuntime/7.15.0\"\n","level":"info"}
{"fatal":false,"errno":1064,"sqlState":"42000","code":"ER_PARSE_ERROR","level":"error"}
{"message":"::1 - - [04/Jul/2019:14:39:15 +0000] \"POST /chat/join_room HTTP/1.1\" 200 339 \"-\" \"PostmanRuntime/7.15.0\"\n","level":"info"}
{"fatal":false,"errno":1064,"sqlState":"42000","code":"ER_PARSE_ERROR","level":"error"}
{"message":"::1 - - [04/Jul/2019:14:40:00 +0000] \"POST /chat/join_room HTTP/1.1\" 200 339 \"-\" \"PostmanRuntime/7.15.0\"\n","level":"info"}
{"fatal":false,"errno":1064,"sqlState":"42000","code":"ER_PARSE_ERROR","level":"error"}
{"message":"::1 - - [04/Jul/2019:14:40:14 +0000] \"POST /chat/join_room HTTP/1.1\" 200 339 \"-\" \"PostmanRuntime/7.15.0\"\n","level":"info"}
{"message":"::1 - - [04/Jul/2019:14:40:29 +0000] \"POST /chat/join_room HTTP/1.1\" 200 37 \"-\" \"PostmanRuntime/7.15.0\"\n","level":"info"}
{"message":"::1 - - [04/Jul/2019:16:05:27 +0000] \"POST /chat/join_room HTTP/1.1\" 200 53 \"-\" \"PostmanRuntime/7.15.0\"\n","level":"info"}
{"message":"::1 - - [04/Jul/2019:16:05:32 +0000] \"POST /login HTTP/1.1\" 200 407 \"-\" \"PostmanRuntime/7.15.0\"\n","level":"info"}
{"level":"error"}
{"message":"::1 - - [04/Jul/2019:16:05:44 +0000] \"POST /chat/join_room HTTP/1.1\" 200 46 \"-\" \"PostmanRuntime/7.15.0\"\n","level":"info"}
{"fatal":false,"errno":1062,"sqlState":"23000","code":"ER_DUP_ENTRY","level":"error"}
{"message":"::1 - - [04/Jul/2019:16:06:24 +0000] \"POST /chat/join_room HTTP/1.1\" 200 195 \"-\" \"PostmanRuntime/7.15.0\"\n","level":"info"}
{"message":"::1 - - [04/Jul/2019:16:07:08 +0000] \"POST /chat/join_room HTTP/1.1\" 200 37 \"-\" \"PostmanRuntime/7.15.0\"\n","level":"info"}
{"message":"::1 - - [05/Jul/2019:14:52:33 +0000] \"POST /login HTTP/1.1\" 200 407 \"-\" \"PostmanRuntime/7.15.0\"\n","level":"info"}
{"message":"::1 - - [05/Jul/2019:16:19:30 +0000] \"POST /login HTTP/1.1\" 200 407 \"-\" \"PostmanRuntime/7.15.0\"\n","level":"info"}
{"fatal":false,"errno":1062,"sqlState":"23000","code":"ER_DUP_ENTRY","level":"error"}
{"message":"::1 - - [05/Jul/2019:16:20:18 +0000] \"POST /chat/exit_room HTTP/1.1\" 200 194 \"-\" \"PostmanRuntime/7.15.0\"\n","level":"info"}
{"fatal":false,"errno":1062,"sqlState":"23000","code":"ER_DUP_ENTRY","level":"error"}
{"message":"::1 - - [05/Jul/2019:16:22:00 +0000] \"POST /chat/exit_room HTTP/1.1\" 200 194 \"-\" \"PostmanRuntime/7.15.0\"\n","level":"info"}
{"fatal":false,"errno":1062,"sqlState":"23000","code":"ER_DUP_ENTRY","level":"error"}
{"message":"::1 - - [05/Jul/2019:16:24:23 +0000] \"POST /chat/exit_room HTTP/1.1\" 200 194 \"-\" \"PostmanRuntime/7.15.0\"\n","level":"info"}
{"fatal":false,"errno":1062,"sqlState":"23000","code":"ER_DUP_ENTRY","level":"error"}
{"message":"::1 - - [05/Jul/2019:16:25:11 +0000] \"POST /chat/exit_room HTTP/1.1\" 200 194 \"-\" \"PostmanRuntime/7.15.0\"\n","level":"info"}
{"fatal":false,"errno":1062,"sqlState":"23000","code":"ER_DUP_ENTRY","level":"error"}
{"message":"::1 - - [05/Jul/2019:16:25:51 +0000] \"POST /chat/exit_room HTTP/1.1\" 200 194 \"-\" \"PostmanRuntime/7.15.0\"\n","level":"info"}
{"fatal":false,"errno":1062,"sqlState":"23000","code":"ER_DUP_ENTRY","level":"error"}
{"message":"::1 - - [05/Jul/2019:16:31:21 +0000] \"POST /chat/exit_room HTTP/1.1\" 200 194 \"-\" \"PostmanRuntime/7.15.0\"\n","level":"info"}
{"fatal":false,"errno":1054,"sqlState":"42S22","code":"ER_BAD_FIELD_ERROR","level":"error"}
{"message":"::1 - - [05/Jul/2019:16:32:54 +0000] \"POST /chat/exit_room HTTP/1.1\" 200 173 \"-\" \"PostmanRuntime/7.15.0\"\n","level":"info"}
{"message":"::1 - - [05/Jul/2019:16:37:44 +0000] \"POST /chat/exit_room HTTP/1.1\" 200 37 \"-\" \"PostmanRuntime/7.15.0\"\n","level":"info"}
{"message":"::1 - - [05/Jul/2019:16:37:49 +0000] \"POST /chat/exit_room HTTP/1.1\" 200 37 \"-\" \"PostmanRuntime/7.15.0\"\n","level":"info"}
{"message":"::1 - - [05/Jul/2019:16:38:12 +0000] \"POST /chat/join_room HTTP/1.1\" 200 53 \"-\" \"PostmanRuntime/7.15.0\"\n","level":"info"}
{"fatal":false,"errno":1062,"sqlState":"23000","code":"ER_DUP_ENTRY","level":"error"}
{"message":"::1 - - [05/Jul/2019:16:50:11 +0000] \"POST /chat/join_room HTTP/1.1\" 200 195 \"-\" \"PostmanRuntime/7.15.0\"\n","level":"info"}
{"message":"::1 - - [05/Jul/2019:16:50:29 +0000] \"POST /chat/exit_room HTTP/1.1\" 200 37 \"-\" \"PostmanRuntime/7.15.0\"\n","level":"info"}
{"message":"::1 - - [05/Jul/2019:16:51:39 +0000] \"POST /chat/exit_room HTTP/1.1\" 200 37 \"-\" \"PostmanRuntime/7.15.0\"\n","level":"info"}
{"message":"::1 - - [05/Jul/2019:16:54:50 +0000] \"POST /chat/exit_room HTTP/1.1\" 200 37 \"-\" \"PostmanRuntime/7.15.0\"\n","level":"info"}
{"message":"::1 - - [05/Jul/2019:16:55:34 +0000] \"POST /chat/exit_room HTTP/1.1\" 200 37 \"-\" \"PostmanRuntime/7.15.0\"\n","level":"info"}
{"message":"::1 - - [05/Jul/2019:16:56:03 +0000] \"POST /login HTTP/1.1\" 200 409 \"-\" \"PostmanRuntime/7.15.0\"\n","level":"info"}
{"message":"::1 - - [05/Jul/2019:16:56:21 +0000] \"POST /chat/exit_room HTTP/1.1\" 200 37 \"-\" \"PostmanRuntime/7.15.0\"\n","level":"info"}
{"message":"::1 - - [06/Jul/2019:15:43:41 +0000] \"POST /login HTTP/1.1\" 200 407 \"-\" \"PostmanRuntime/7.15.0\"\n","level":"info"}
{"message":"::1 - - [06/Jul/2019:15:46:41 +0000] \"POST /chat/create_room HTTP/1.1\" 200 129 \"-\" \"PostmanRuntime/7.15.0\"\n","level":"info"}
{"message":"::1 - - [08/Jul/2019:15:41:19 +0000] \"POST /login HTTP/1.1\" 200 407 \"-\" \"PostmanRuntime/7.15.0\"\n","level":"info"}
{"message":"::1 - - [08/Jul/2019:15:43:01 +0000] \"POST /chat/message HTTP/1.1\" 404 152 \"-\" \"PostmanRuntime/7.15.0\"\n","level":"info"}
{"fatal":false,"errno":1064,"sqlState":"42000","code":"ER_PARSE_ERROR","level":"error"}
{"message":"::1 - - [08/Jul/2019:15:43:11 +0000] \"POST /chat/message HTTP/1.1\" 200 281 \"-\" \"PostmanRuntime/7.15.0\"\n","level":"info"}
{"message":"::1 - - [08/Jul/2019:15:44:20 +0000] \"POST /chat/message HTTP/1.1\" 200 37 \"-\" \"PostmanRuntime/7.15.0\"\n","level":"info"}
{"message":"::1 - - [08/Jul/2019:15:52:35 +0000] \"POST /chat/message HTTP/1.1\" 200 37 \"-\" \"PostmanRuntime/7.15.0\"\n","level":"info"}
{"message":"::1 - - [08/Jul/2019:15:53:51 +0000] \"POST /chat/message HTTP/1.1\" 200 37 \"-\" \"PostmanRuntime/7.15.0\"\n","level":"info"}
{"message":"::1 - - [08/Jul/2019:15:56:49 +0000] \"POST /chat/message HTTP/1.1\" 200 37 \"-\" \"PostmanRuntime/7.15.0\"\n","level":"info"}
{"message":"::1 - - [08/Jul/2019:16:02:50 +0000] \"POST /login HTTP/1.1\" 200 409 \"-\" \"PostmanRuntime/7.15.0\"\n","level":"info"}
{"message":"::1 - - [08/Jul/2019:16:03:11 +0000] \"POST /chat/join_room HTTP/1.1\" 200 37 \"-\" \"PostmanRuntime/7.15.0\"\n","level":"info"}
{"message":"::1 - - [08/Jul/2019:16:03:34 +0000] \"POST /chat/message HTTP/1.1\" 200 37 \"-\" \"PostmanRuntime/7.15.0\"\n","level":"info"}
{"fatal":false,"errno":1146,"sqlState":"42S02","code":"ER_NO_SUCH_TABLE","level":"error"}
{"message":"::1 - - [08/Jul/2019:16:14:55 +0000] \"POST /chat/message HTTP/1.1\" 200 258 \"-\" \"PostmanRuntime/7.15.0\"\n","level":"info"}
{"fatal":false,"errno":1146,"sqlState":"42S02","code":"ER_NO_SUCH_TABLE","level":"error"}
{"message":"::1 - - [08/Jul/2019:16:20:15 +0000] \"POST /chat/message HTTP/1.1\" 200 260 \"-\" \"PostmanRuntime/7.15.0\"\n","level":"info"}
{"message":"::1 - - [08/Jul/2019:16:20:38 +0000] \"POST /chat/message HTTP/1.1\" 200 37 \"-\" \"PostmanRuntime/7.15.0\"\n","level":"info"}
{"message":"::1 - - [22/Jul/2019:12:53:11 +0000] \"POST /login HTTP/1.1\" 200 409 \"-\" \"PostmanRuntime/7.15.0\"\n","level":"info"}
{"message":"::1 - - [22/Jul/2019:15:42:08 +0000] \"OPTIONS /login HTTP/1.1\" 200 4 \"http://localhost:8080/\" \"Mozilla/5.0 (iPhone; CPU iPhone OS 11_0 like Mac OS X) AppleWebKit/604.1.38 (KHTML, like Gecko) Version/11.0 Mobile/15A372 Safari/604.1\"\n","level":"info"}
{"message":"::1 - - [22/Jul/2019:15:42:46 +0000] \"OPTIONS /login HTTP/1.1\" 200 4 \"http://localhost:8080/\" \"Mozilla/5.0 (iPhone; CPU iPhone OS 11_0 like Mac OS X) AppleWebKit/604.1.38 (KHTML, like Gecko) Version/11.0 Mobile/15A372 Safari/604.1\"\n","level":"info"}
{"message":"::1 - - [22/Jul/2019:15:42:59 +0000] \"OPTIONS /login HTTP/1.1\" 200 4 \"http://localhost:8080/\" \"Mozilla/5.0 (iPhone; CPU iPhone OS 11_0 like Mac OS X) AppleWebKit/604.1.38 (KHTML, like Gecko) Version/11.0 Mobile/15A372 Safari/604.1\"\n","level":"info"}
{"message":"::1 - - [22/Jul/2019:15:43:11 +0000] \"OPTIONS /login HTTP/1.1\" 200 4 \"http://localhost:8080/\" \"Mozilla/5.0 (iPhone; CPU iPhone OS 11_0 like Mac OS X) AppleWebKit/604.1.38 (KHTML, like Gecko) Version/11.0 Mobile/15A372 Safari/604.1\"\n","level":"info"}
{"message":"::1 - - [22/Jul/2019:15:43:39 +0000] \"OPTIONS /login HTTP/1.1\" 200 4 \"http://localhost:8080/\" \"Mozilla/5.0 (iPhone; CPU iPhone OS 11_0 like Mac OS X) AppleWebKit/604.1.38 (KHTML, like Gecko) Version/11.0 Mobile/15A372 Safari/604.1\"\n","level":"info"}
{"message":"::1 - - [22/Jul/2019:15:43:39 +0000] \"POST /login HTTP/1.1\" 200 407 \"http://localhost:8080/\" \"Mozilla/5.0 (iPhone; CPU iPhone OS 11_0 like Mac OS X) AppleWebKit/604.1.38 (KHTML, like Gecko) Version/11.0 Mobile/15A372 Safari/604.1\"\n","level":"info"}
{"message":"::1 - - [22/Jul/2019:15:43:43 +0000] \"POST /login HTTP/1.1\" 200 407 \"http://localhost:8080/\" \"Mozilla/5.0 (iPhone; CPU iPhone OS 11_0 like Mac OS X) AppleWebKit/604.1.38 (KHTML, like Gecko) Version/11.0 Mobile/15A372 Safari/604.1\"\n","level":"info"}
{"message":"::1 - - [23/Jul/2019:14:14:54 +0000] \"OPTIONS /login HTTP/1.1\" 200 4 \"http://localhost:8080/\" \"Mozilla/5.0 (iPhone; CPU iPhone OS 11_0 like Mac OS X) AppleWebKit/604.1.38 (KHTML, like Gecko) Version/11.0 Mobile/15A372 Safari/604.1\"\n","level":"info"}
{"message":"::1 - - [23/Jul/2019:14:15:01 +0000] \"OPTIONS /login HTTP/1.1\" 200 4 \"http://localhost:8080/\" \"Mozilla/5.0 (iPhone; CPU iPhone OS 11_0 like Mac OS X) AppleWebKit/604.1.38 (KHTML, like Gecko) Version/11.0 Mobile/15A372 Safari/604.1\"\n","level":"info"}
{"message":"::1 - - [23/Jul/2019:14:15:01 +0000] \"POST /login HTTP/1.1\" 200 407 \"http://localhost:8080/\" \"Mozilla/5.0 (iPhone; CPU iPhone OS 11_0 like Mac OS X) AppleWebKit/604.1.38 (KHTML, like Gecko) Version/11.0 Mobile/15A372 Safari/604.1\"\n","level":"info"}
{"message":"::1 - - [23/Jul/2019:14:28:21 +0000] \"OPTIONS /login HTTP/1.1\" 200 4 \"http://localhost:8080/\" \"Mozilla/5.0 (iPhone; CPU iPhone OS 11_0 like Mac OS X) AppleWebKit/604.1.38 (KHTML, like Gecko) Version/11.0 Mobile/15A372 Safari/604.1\"\n","level":"info"}
{"status":-101,"level":"error"}
{"message":"::1 - - [23/Jul/2019:14:28:21 +0000] \"POST /login HTTP/1.1\" 200 43 \"http://localhost:8080/\" \"Mozilla/5.0 (iPhone; CPU iPhone OS 11_0 like Mac OS X) AppleWebKit/604.1.38 (KHTML, like Gecko) Version/11.0 Mobile/15A372 Safari/604.1\"\n","level":"info"}
{"message":"::1 - - [23/Jul/2019:14:28:36 +0000] \"OPTIONS /login HTTP/1.1\" 200 4 \"http://localhost:8080/\" \"Mozilla/5.0 (iPhone; CPU iPhone OS 11_0 like Mac OS X) AppleWebKit/604.1.38 (KHTML, like Gecko) Version/11.0 Mobile/15A372 Safari/604.1\"\n","level":"info"}
{"message":"::1 - - [23/Jul/2019:14:28:36 +0000] \"POST /login HTTP/1.1\" 200 407 \"http://localhost:8080/\" \"Mozilla/5.0 (iPhone; CPU iPhone OS 11_0 like Mac OS X) AppleWebKit/604.1.38 (KHTML, like Gecko) Version/11.0 Mobile/15A372 Safari/604.1\"\n","level":"info"}
{"message":"::1 - - [24/Jul/2019:15:30:28 +0000] \"OPTIONS /login_sns HTTP/1.1\" 200 4 \"http://localhost:8080/\" \"Mozilla/5.0 (iPhone; CPU iPhone OS 11_0 like Mac OS X) AppleWebKit/604.1.38 (KHTML, like Gecko) Version/11.0 Mobile/15A372 Safari/604.1\"\n","level":"info"}
{"message":"::1 - - [24/Jul/2019:15:30:58 +0000] \"OPTIONS /login_sns HTTP/1.1\" 200 4 \"http://localhost:8080/\" \"Mozilla/5.0 (iPhone; CPU iPhone OS 11_0 like Mac OS X) AppleWebKit/604.1.38 (KHTML, like Gecko) Version/11.0 Mobile/15A372 Safari/604.1\"\n","level":"info"}
{"message":"::1 - - [24/Jul/2019:15:32:58 +0000] \"POST /login_sns HTTP/1.1\" - - \"http://localhost:8080/\" \"Mozilla/5.0 (iPhone; CPU iPhone OS 11_0 like Mac OS X) AppleWebKit/604.1.38 (KHTML, like Gecko) Version/11.0 Mobile/15A372 Safari/604.1\"\n","level":"info"}
{"message":"::1 - - [24/Jul/2019:15:34:03 +0000] \"OPTIONS /login_sns HTTP/1.1\" 200 4 \"http://localhost:8080/\" \"Mozilla/5.0 (iPhone; CPU iPhone OS 11_0 like Mac OS X) AppleWebKit/604.1.38 (KHTML, like Gecko) Version/11.0 Mobile/15A372 Safari/604.1\"\n","level":"info"}
{"level":"error"}
{"message":"::1 - - [24/Jul/2019:15:34:03 +0000] \"POST /login_sns HTTP/1.1\" 200 63 \"http://localhost:8080/\" \"Mozilla/5.0 (iPhone; CPU iPhone OS 11_0 like Mac OS X) AppleWebKit/604.1.38 (KHTML, like Gecko) Version/11.0 Mobile/15A372 Safari/604.1\"\n","level":"info"}
{"message":"::1 - - [24/Jul/2019:15:36:35 +0000] \"OPTIONS /login_sns HTTP/1.1\" 200 4 \"http://localhost:8080/\" \"Mozilla/5.0 (iPhone; CPU iPhone OS 11_0 like Mac OS X) AppleWebKit/604.1.38 (KHTML, like Gecko) Version/11.0 Mobile/15A372 Safari/604.1\"\n","level":"info"}
{"level":"error"}
{"message":"::1 - - [24/Jul/2019:15:36:36 +0000] \"POST /login_sns HTTP/1.1\" 200 63 \"http://localhost:8080/\" \"Mozilla/5.0 (iPhone; CPU iPhone OS 11_0 like Mac OS X) AppleWebKit/604.1.38 (KHTML, like Gecko) Version/11.0 Mobile/15A372 Safari/604.1\"\n","level":"info"}
{"message":"::1 - - [24/Jul/2019:15:38:16 +0000] \"OPTIONS /login_sns HTTP/1.1\" 200 4 \"http://localhost:8080/\" \"Mozilla/5.0 (iPhone; CPU iPhone OS 11_0 like Mac OS X) AppleWebKit/604.1.38 (KHTML, like Gecko) Version/11.0 Mobile/15A372 Safari/604.1\"\n","level":"info"}
{"message":"::1 - - [24/Jul/2019:15:38:16 +0000] \"POST /login_sns HTTP/1.1\" 200 289 \"http://localhost:8080/\" \"Mozilla/5.0 (iPhone; CPU iPhone OS 11_0 like Mac OS X) AppleWebKit/604.1.38 (KHTML, like Gecko) Version/11.0 Mobile/15A372 Safari/604.1\"\n","level":"info"}
{"message":"::1 - - [25/Jul/2019:07:50:13 +0000] \"OPTIONS /login_sns HTTP/1.1\" 200 4 \"http://localhost:8080/\" \"Mozilla/5.0 (Macintosh; Intel Mac OS X 10_14_5) AppleWebKit/537.36 (KHTML, like Gecko) Chrome/75.0.3770.142 Safari/537.36\"\n","level":"info"}
{"message":"::1 - - [25/Jul/2019:07:50:25 +0000] \"OPTIONS /login_sns HTTP/1.1\" 200 4 \"http://localhost:8080/\" \"Mozilla/5.0 (Macintosh; Intel Mac OS X 10_14_5) AppleWebKit/537.36 (KHTML, like Gecko) Chrome/75.0.3770.142 Safari/537.36\"\n","level":"info"}
{"message":"::1 - - [25/Jul/2019:07:50:53 +0000] \"OPTIONS /login_sns HTTP/1.1\" 200 4 \"http://localhost:8080/\" \"Mozilla/5.0 (Macintosh; Intel Mac OS X 10_14_5) AppleWebKit/537.36 (KHTML, like Gecko) Chrome/75.0.3770.142 Safari/537.36\"\n","level":"info"}
{"message":"::1 - - [25/Jul/2019:07:50:59 +0000] \"OPTIONS /login_sns HTTP/1.1\" 200 4 \"http://localhost:8080/\" \"Mozilla/5.0 (Macintosh; Intel Mac OS X 10_14_5) AppleWebKit/537.36 (KHTML, like Gecko) Chrome/75.0.3770.142 Safari/537.36\"\n","level":"info"}
{"message":"::1 - - [25/Jul/2019:07:52:09 +0000] \"OPTIONS /login_sns HTTP/1.1\" 200 4 \"http://localhost:8080/\" \"Mozilla/5.0 (Macintosh; Intel Mac OS X 10_14_5) AppleWebKit/537.36 (KHTML, like Gecko) Chrome/75.0.3770.142 Safari/537.36\"\n","level":"info"}
{"message":"::1 - - [25/Jul/2019:07:52:14 +0000] \"OPTIONS /login_sns HTTP/1.1\" 200 4 \"http://localhost:8080/\" \"Mozilla/5.0 (Macintosh; Intel Mac OS X 10_14_5) AppleWebKit/537.36 (KHTML, like Gecko) Chrome/75.0.3770.142 Safari/537.36\"\n","level":"info"}
{"message":"::1 - - [25/Jul/2019:07:52:48 +0000] \"OPTIONS /login_sns HTTP/1.1\" 200 4 \"http://localhost:8080/\" \"Mozilla/5.0 (Macintosh; Intel Mac OS X 10_14_5) AppleWebKit/537.36 (KHTML, like Gecko) Chrome/75.0.3770.142 Safari/537.36\"\n","level":"info"}
{"message":"::1 - - [25/Jul/2019:08:07:33 +0000] \"OPTIONS /login_sns HTTP/1.1\" 200 4 \"http://localhost:8080/\" \"Mozilla/5.0 (Macintosh; Intel Mac OS X 10_14_5) AppleWebKit/537.36 (KHTML, like Gecko) Chrome/75.0.3770.142 Safari/537.36\"\n","level":"info"}
{"message":"::1 - - [25/Jul/2019:08:11:24 +0000] \"OPTIONS /login_sns HTTP/1.1\" 200 4 \"http://localhost:8080/\" \"Mozilla/5.0 (Macintosh; Intel Mac OS X 10_14_5) AppleWebKit/537.36 (KHTML, like Gecko) Chrome/75.0.3770.142 Safari/537.36\"\n","level":"info"}
{"message":"::1 - - [25/Jul/2019:08:12:58 +0000] \"OPTIONS /login_sns HTTP/1.1\" 200 4 \"http://localhost:8080/\" \"Mozilla/5.0 (Macintosh; Intel Mac OS X 10_14_5) AppleWebKit/537.36 (KHTML, like Gecko) Chrome/75.0.3770.142 Safari/537.36\"\n","level":"info"}
{"message":"::1 - - [25/Jul/2019:08:16:00 +0000] \"OPTIONS /login_sns HTTP/1.1\" 200 4 \"http://localhost:8080/\" \"Mozilla/5.0 (Macintosh; Intel Mac OS X 10_14_5) AppleWebKit/537.36 (KHTML, like Gecko) Chrome/75.0.3770.142 Safari/537.36\"\n","level":"info"}
{"message":"::1 - - [25/Jul/2019:08:16:54 +0000] \"OPTIONS /login_sns HTTP/1.1\" 200 4 \"http://localhost:8080/\" \"Mozilla/5.0 (Macintosh; Intel Mac OS X 10_14_5) AppleWebKit/537.36 (KHTML, like Gecko) Chrome/75.0.3770.142 Safari/537.36\"\n","level":"info"}
{"message":"::1 - - [25/Jul/2019:08:24:02 +0000] \"OPTIONS /login_sns HTTP/1.1\" 200 4 \"http://localhost:8080/\" \"Mozilla/5.0 (Macintosh; Intel Mac OS X 10_14_5) AppleWebKit/537.36 (KHTML, like Gecko) Chrome/75.0.3770.142 Safari/537.36\"\n","level":"info"}
{"message":"::1 - - [25/Jul/2019:08:26:45 +0000] \"GET / HTTP/1.1\" 200 56 \"-\" \"Mozilla/5.0 (Macintosh; Intel Mac OS X 10_14_5) AppleWebKit/537.36 (KHTML, like Gecko) Chrome/75.0.3770.142 Safari/537.36\"\n","level":"info"}
{"message":"::1 - - [25/Jul/2019:08:26:46 +0000] \"GET /favicon.ico HTTP/1.1\" 404 150 \"http://localhost:8000/\" \"Mozilla/5.0 (Macintosh; Intel Mac OS X 10_14_5) AppleWebKit/537.36 (KHTML, like Gecko) Chrome/75.0.3770.142 Safari/537.36\"\n","level":"info"}
{"message":"::1 - - [25/Jul/2019:08:28:37 +0000] \"OPTIONS /login_sns HTTP/1.1\" 200 4 \"http://localhost:8080/\" \"Mozilla/5.0 (Macintosh; Intel Mac OS X 10_14_5) AppleWebKit/537.36 (KHTML, like Gecko) Chrome/75.0.3770.142 Safari/537.36\"\n","level":"info"}
{"message":"::1 - - [25/Jul/2019:08:30:37 +0000] \"GET / HTTP/1.1\" 200 56 \"-\" \"Mozilla/5.0 (Macintosh; Intel Mac OS X 10_14_5) AppleWebKit/537.36 (KHTML, like Gecko) Chrome/75.0.3770.142 Safari/537.36\"\n","level":"info"}
{"message":"::1 - - [25/Jul/2019:08:30:37 +0000] \"GET /favicon.ico HTTP/1.1\" 404 150 \"http://localhost:8080/\" \"Mozilla/5.0 (Macintosh; Intel Mac OS X 10_14_5) AppleWebKit/537.36 (KHTML, like Gecko) Chrome/75.0.3770.142 Safari/537.36\"\n","level":"info"}
{"message":"::ffff:127.0.0.1 - - [25/Jul/2019:08:33:35 +0000] \"GET /login_sns HTTP/1.1\" 404 148 \"-\" \"Mozilla/5.0 (Macintosh; Intel Mac OS X 10_14_5) AppleWebKit/537.36 (KHTML, like Gecko) Chrome/75.0.3770.142 Safari/537.36\"\n","level":"info"}
{"level":"error"}
{"message":"::ffff:127.0.0.1 - - [25/Jul/2019:08:37:54 +0000] \"POST /login_sns HTTP/1.1\" 200 64 \"http://localhost:8080/\" \"Mozilla/5.0 (Macintosh; Intel Mac OS X 10_14_5) AppleWebKit/537.36 (KHTML, like Gecko) Chrome/75.0.3770.142 Safari/537.36\"\n","level":"info"}
{"message":"::ffff:127.0.0.1 - - [25/Jul/2019:08:45:05 +0000] \"POST /login_sns HTTP/1.1\" 200 289 \"http://localhost:8080/\" \"Mozilla/5.0 (Macintosh; Intel Mac OS X 10_14_5) AppleWebKit/537.36 (KHTML, like Gecko) Chrome/75.0.3770.142 Safari/537.36\"\n","level":"info"}
